<?xml version="1.0" encoding="UTF-8"?>
<!-- Generated by org.testng.reporters.JUnitReportReporter -->
<testsuite hostname="LAPTOP-0G3UA0B2" failures="0" tests="1" name="TestNg.Axis.InvokeEdge" time="2.966" errors="0" timestamp="2024-02-27T09:43:42 IST" skipped="0">
  <testcase classname="TestNg.Axis.InvokeEdge" name="invokeedge" time="2.966"/>
  <system-out/>
</testsuite> <!-- TestNg.Axis.InvokeEdge -->
