<?xml version="1.0" encoding="UTF-8"?>
<!-- Generated by org.testng.reporters.JUnitReportReporter -->
<testsuite hostname="LAPTOP-0G3UA0B2" failures="0" tests="1" name="TestNg.Axis.NewTest" time="0.006" errors="0" timestamp="2024-02-26T14:27:38 IST" skipped="0">
  <testcase classname="TestNg.Axis.NewTest" name="testcase1tesng" time="0.006"/>
  <system-out/>
</testsuite> <!-- TestNg.Axis.NewTest -->
