<?xml version="1.0" encoding="UTF-8"?>
<!-- Generated by org.testng.reporters.JUnitReportReporter -->
<testsuite hostname="LAPTOP-0G3UA0B2" failures="0" tests="1" name="TestNg.Axis.InvokeChromeEg" time="4.542" errors="0" timestamp="2024-02-27T09:40:00 IST" skipped="0">
  <testcase classname="TestNg.Axis.InvokeChromeEg" name="invokechrome" time="4.542"/>
  <system-out/>
</testsuite> <!-- TestNg.Axis.InvokeChromeEg -->
