<?xml version="1.0" encoding="UTF-8"?>
<!-- Generated by org.testng.reporters.JUnitReportReporter -->
<testsuite hostname="LAPTOP-0G3UA0B2" failures="0" tests="1" name="TestNg.Axis.ListenerTestClass" time="2.661" errors="0" timestamp="2024-02-27T11:48:30 IST" skipped="0">
  <testcase classname="TestNg.Axis.ListenerTestClass" name="invokechrome" time="2.661"/>
  <system-out/>
</testsuite> <!-- TestNg.Axis.ListenerTestClass -->
