<?xml version="1.0" encoding="UTF-8"?>
<!-- Generated by org.testng.reporters.JUnitReportReporter -->
<testsuite hostname="LAPTOP-0G3UA0B2" failures="0" tests="4" name="TestNg.Axis.Annotations" time="0.011" errors="0" timestamp="2024-02-27T11:52:02 IST" skipped="0">
  <testcase classname="TestNg.Axis.Annotations" name="testcase4" time="0.002"/>
  <system-out/>
  <testcase classname="TestNg.Axis.Annotations" name="testcase1" time="0.005"/>
  <system-out/>
  <testcase classname="TestNg.Axis.Annotations" name="testcase2" time="0.002"/>
  <system-out/>
  <testcase classname="TestNg.Axis.Annotations" name="testcase3" time="0.002"/>
  <system-out/>
</testsuite> <!-- TestNg.Axis.Annotations -->
