<?xml version="1.0" encoding="UTF-8"?>
<!-- Generated by org.testng.reporters.JUnitReportReporter -->
<testsuite hostname="LAPTOP-0G3UA0B2" failures="0" tests="3" name="TestNg.Axis.PriorityTesting" time="0.010" errors="0" timestamp="2024-02-26T17:10:10 IST" skipped="0">
  <testcase classname="TestNg.Axis.PriorityTesting" name="testcase" time="0.008"/>
  <system-out/>
  <testcase classname="TestNg.Axis.PriorityTesting" name="testcase3" time="0.001"/>
  <system-out/>
  <testcase classname="TestNg.Axis.PriorityTesting" name="testcase2" time="0.001"/>
  <system-out/>
</testsuite> <!-- TestNg.Axis.PriorityTesting -->
