<?xml version="1.0" encoding="UTF-8"?>
<!-- Generated by org.testng.reporters.JUnitReportReporter -->
<testsuite hostname="LAPTOP-0G3UA0B2" failures="0" tests="1" name="DataDriven.WriteExcel" time="8.884" errors="0" timestamp="27 Feb 2024 08:39:46 GMT" skipped="0">
  <testcase classname="DataDriven.WriteExcel" name="fblogin" time="8.884"/>
</testsuite> <!-- DataDriven.WriteExcel -->
