<?xml version="1.0" encoding="UTF-8"?>
<!-- Generated by org.testng.reporters.JUnitReportReporter -->
<testsuite hostname="LAPTOP-0G3UA0B2" failures="0" tests="6" name="TestNg.Axis.Grouping" time="0.013" errors="0" timestamp="2024-02-26T17:06:31 IST" skipped="0">
  <testcase classname="TestNg.Axis.Grouping" name="T1" time="0.008"/>
  <system-out/>
  <testcase classname="TestNg.Axis.Grouping" name="T5" time="0.001"/>
  <system-out/>
  <testcase classname="TestNg.Axis.Grouping" name="T6" time="0.001"/>
  <system-out/>
  <testcase classname="TestNg.Axis.Grouping" name="T4" time="0.001"/>
  <system-out/>
  <testcase classname="TestNg.Axis.Grouping" name="T3" time="0.001"/>
  <system-out/>
  <testcase classname="TestNg.Axis.Grouping" name="T2" time="0.001"/>
  <system-out/>
</testsuite> <!-- TestNg.Axis.Grouping -->
