<?xml version="1.0" encoding="UTF-8"?>
<!-- Generated by org.testng.reporters.JUnitReportReporter -->
<testsuite hostname="LAPTOP-0G3UA0B2" failures="0" tests="1" name="TestNg.Axis.ParellelTesting" time="1.926" errors="0" timestamp="2024-02-26T17:01:14 IST" skipped="0">
  <testcase classname="TestNg.Axis.ParellelTesting" name="invokechrome" time="1.926"/>
  <system-out/>
</testsuite> <!-- TestNg.Axis.ParellelTesting -->
